_____________________
Googling done, Keyword: dia chi benh vien ung buou tphcm, Total: 100
_____________________
Parsing keyword 32 of total 50
https://www.google.com:443 "GET /search?q=bi%20kip&source=lnms&tbm=isch&safe=active HTTP/1.1" 200 None
Scraping from result, keyword : bi kip
_____________________
Googling done, Keyword: bi kip, Total: 100
_____________________
Parsing keyword 33 of total 50
https://www.google.com:443 "GET /search?q=ai%20s%E1%BA%BD%20l%C3%A0%20th%E1%BB%A7%20t%C6%B0%E1%BB%9Bng%20nhi%E1%BB%87m%20k%E1%BB%B3%20t%E1%BB%9Bi&source=lnms&tbm=isch&safe=active HTTP/1.1" 200 None
Scraping from result, keyword : ai sẽ là thủ tướng nhiệm kỳ tới
_____________________
Googling done, Keyword: ai sẽ là thủ tướng nhiệm kỳ tới, Total: 100
_____________________
Parsing keyword 34 of total 50
https://www.google.com:443 "GET /search?q=thi%20nghiem%20vat%20li&source=lnms&tbm=isch&safe=active HTTP/1.1" 200 None
Scraping from result, keyword : thi nghiem vat li
_____________________
Googling done, Keyword: thi nghiem vat li, Total: 100
_____________________
Parsing keyword 35 of total 50
https://www.google.com:443 "GET /search?q=caxinh&source=lnms&tbm=isch&safe=active HTTP/1.1" 200 None
Scraping from result, keyword : caxinh
_____________________
Googling done, Keyword: caxinh, Total: 100
_____________________
Parsing keyword 36 of total 50
https://www.google.com:443 "GET /search?q=chuyen%20doi%20video%20youtube%20sang%20mp3&source=lnms&tbm=isch&safe=active HTTP/1.1" 200 None
Scraping from result, keyword : chuyen doi video youtube sang mp3
_____________________
Googling done, Keyword: chuyen doi video youtube sang mp3, Total: 100
_____________________
Parsing keyword 37 of total 50
https://www.google.com:443 "GET /search?q=xam%203d%20dep%20nhat&source=lnms&tbm=isch&safe=active HTTP/1.1" 200 None
Scraping from result, keyword : xam 3d dep nhat
_____________________
Googling done, Keyword: xam 3d dep nhat, Total: 100
_____________________
Parsing keyword 38 of total 50
https://www.google.com:443 "GET /search?q=thong%20tu%2045%20bo%20cong%20an&source=lnms&tbm=isch&safe=active HTTP/1.1" 200 None
Scraping from result, keyword : thong tu 45 bo cong an
_____________________
Googling done, Keyword: thong tu 45 bo cong an, Total: 100
_____________________
Parsing keyword 39 of total 50
https://www.google.com:443 "GET /search?q=lac%20loi%20tvb&source=lnms&tbm=isch&safe=active HTTP/1.1" 200 None
Scraping from result, keyword : lac loi tvb
_____________________
Googling done, Keyword: lac loi tvb, Total: 100
_____________________
Parsing keyword 40 of total 50
https://www.google.com:443 "GET /search?q=c%C3%A1ch%20l%C3%A0m%20g%C3%A2n%20b%C3%B2%20h%E1%BA%A7m&source=lnms&tbm=isch&safe=active HTTP/1.1" 200 None
Scraping from result, keyword : cách làm gân bò hầm
_____________________
Googling done, Keyword: cách làm gân bò hầm, Total: 100
_____________________
Parsing keyword 41 of total 50
https://www.google.com:443 "GET /search?q=b%E1%BA%AFt%20ch%C6%B0%E1%BB%9Bc%20ti%E1%BA%BFng%20anh%20l%C3%A0%20g%C3%AC&source=lnms&tbm=isch&safe=active HTTP/1.1" 200 None
Scraping from result, keyword : bắt chước tiếng anh là gì
_____________________
Googling done, Keyword: bắt chước tiếng anh là gì, Total: 100
_____________________
Parsing keyword 42 of total 50
https://www.google.com:443 "GET /search?q=c%C3%A1ch%20l%C3%A0m%20cocktail%20tr%C3%A1i%20c%C3%A2y%20%C4%91%C6%A1n%20gi%E1%BA%A3n&source=lnms&tbm=isch&safe=active HTTP/1.1" 200 None
Scraping from result, keyword : cách làm cocktail trái cây đơn giản
_____________________
Googling done, Keyword: cách làm cocktail trái cây đơn giản, Total: 100
_____________________
Parsing keyword 43 of total 50
https://www.google.com:443 "GET /search?q=s%E1%BB%9F%20giao%20th%C3%B4ng%20v%E1%BA%ADn%20t%E1%BA%A3i%20t%C3%A2y%20ninh&source=lnms&tbm=isch&safe=active HTTP/1.1" 200 None
Scraping from result, keyword : sở giao thông vận tải tây ninh
_____________________
Googling done, Keyword: sở giao thông vận tải tây ninh, Total: 100
_____________________
Parsing keyword 44 of total 50
https://www.google.com:443 "GET /search?q=sakura%20tieng%20nhat&source=lnms&tbm=isch&safe=active HTTP/1.1" 200 None
Scraping from result, keyword : sakura tieng nhat
_____________________
Googling done, Keyword: sakura tieng nhat, Total: 100
_____________________
Parsing keyword 45 of total 50
https://www.google.com:443 "GET /search?q=m%C3%B9a%20h%C3%A8%20s%C3%B4i%20%C4%91%C3%B4ng%20t%E1%BA%ADp%2025&source=lnms&tbm=isch&safe=active HTTP/1.1" 200 None
Scraping from result, keyword : mùa hè sôi đông tập 25
_____________________
Googling done, Keyword: mùa hè sôi đông tập 25, Total: 100
_____________________
Parsing keyword 46 of total 50
https://www.google.com:443 "GET /search?q=c%C3%A1ch%20l%C3%A0m%20h%E1%BB%93ng%20v%C3%A0%20se%20kh%C3%ADt%20v%C3%B9ng%20k%C3%ADn&source=lnms&tbm=isch&safe=active HTTP/1.1" 200 None
Scraping from result, keyword : cách làm hồng và se khít vùng kín
_____________________
Googling done, Keyword: cách làm hồng và se khít vùng kín, Total: 100
_____________________
Parsing keyword 47 of total 50
https://www.google.com:443 "GET /search?q=chiec%20cau%20cay&source=lnms&tbm=isch&safe=active HTTP/1.1" 200 None
Scraping from result, keyword : chiec cau cay
_____________________
Googling done, Keyword: chiec cau cay, Total: 100
_____________________
Parsing keyword 48 of total 50
https://www.google.com:443 "GET /search?q=galaxy%20sym&source=lnms&tbm=isch&safe=active HTTP/1.1" 200 None
Scraping from result, keyword : galaxy sym
_____________________
Googling done, Keyword: galaxy sym, Total: 100
_____________________
Parsing keyword 49 of total 50
https://www.google.com:443 "GET /search?q=kem%20huyet%20rong%20ann&source=lnms&tbm=isch&safe=active HTTP/1.1" 200 None
Scraping from result, keyword : kem huyet rong ann
_____________________
Googling done, Keyword: kem huyet rong ann, Total: 100
_____________________
Parsing keyword 50 of total 50
[DEBUG] Saved cây hợp với tuổi thìn.json
[DEBUG] Saved con nha giau tap 3.json
[DEBUG] Saved xem lịch sử facebook.json
[DEBUG] Saved phim sex gay sinh vien.json
[DEBUG] Saved các tiết mục văn nghệ.json
[DEBUG] Saved doi hinh cua bi.json
[DEBUG] Saved cô tranh chữa bệnh bằng hát.json
[DEBUG] Saved tên đệm mệnh hỏa.json
[DEBUG] Saved canh vo chong quan he.json
[DEBUG] Saved cách làm pin mặt trời.json
[DEBUG] Saved đặt tên cho con trai hay và ý nghĩa.json
[DEBUG] Saved cây trứng cá.json
[DEBUG] Saved búp bê khớp.json
[DEBUG] Saved khen ngợi.json
[DEBUG] Saved sổ số vinh long.json
[DEBUG] Saved thu mua ve chai tphcm.json
[DEBUG] Saved mua long nhãn ở đâu.json
[DEBUG] Saved cua hang do choi tinh duc.json
[DEBUG] Saved mail online.json
[DEBUG] Saved sieu nhan mau do.json
[DEBUG] Saved the khong guc nga tap 6.json
[DEBUG] Saved bếp điện từ bosch.json
[DEBUG] Saved 231.json
[DEBUG] Saved cam am bai neu la anh.json
[DEBUG] Saved phim ấn độ đang chiếu trên truyền hình.json
[DEBUG] Saved tập đoàn himlam.json
[DEBUG] Saved đồ cho mẹ sau sinh.json
[DEBUG] Saved rung khi nhận cuộc gọi.json
[DEBUG] Saved ohayo.json
[DEBUG] Saved phim hai lua tap cuoi.json
[DEBUG] Saved that tien nu tap 5.json
[DEBUG] Saved dia chi benh vien ung buou tphcm.json
[DEBUG] Saved bi kip.json
[DEBUG] Saved ai sẽ là thủ tướng nhiệm kỳ tới.json
[DEBUG] Saved thi nghiem vat li.json
[DEBUG] Saved caxinh.json
[DEBUG] Saved chuyen doi video youtube sang mp3.json
[DEBUG] Saved xam 3d dep nhat.json
[DEBUG] Saved thong tu 45 bo cong an.json
[DEBUG] Saved lac loi tvb.json
[DEBUG] Saved cách làm gân bò hầm.json
[DEBUG] Saved bắt chước tiếng anh là gì.json
[DEBUG] Saved cách làm cocktail trái cây đơn giản.json
[DEBUG] Saved sở giao thông vận tải tây ninh.json
[DEBUG] Saved sakura tieng nhat.json
[DEBUG] Saved mùa hè sôi đông tập 25.json
[DEBUG] Saved cách làm hồng và se khít vùng kín.json
[DEBUG] Saved chiec cau cay.json
[DEBUG] Saved galaxy sym.json
[DEBUG] Saved kem huyet rong ann.json
------------|||||SOCKS PORT : 9007
Resetting dropped connection: www.google.com
https://www.google.com:443 "GET /search?q=c%C3%A1ch%20t%C3%ADnh%20di%E1%BB%87n%20t%C3%ADch%20%C4%91%E1%BA%A5t%20trong%20s%E1%BB%95%20%C4%91%E1%BB%8F&source=lnms&tbm=isch&safe=active HTTP/1.1" 200 None
Scraping from result, keyword : cách tính diện tích đất trong sổ đỏ
_____________________
Googling done, Keyword: cách tính diện tích đất trong sổ đỏ, Total: 100
_____________________
Parsing keyword 1 of total 50
https://www.google.com:443 "GET /search?q=m%E1%BB%A9t%20g%E1%BB%ABng%20kh%C3%B4&source=lnms&tbm=isch&safe=active HTTP/1.1" 200 None
Scraping from result, keyword : mứt gừng khô
_____________________
Googling done, Keyword: mứt gừng khô, Total: 100
_____________________
Parsing keyword 2 of total 50
https://www.google.com:443 "GET /search?q=eco%20dream%20nguy%E1%BB%85n%20xi%E1%BB%83n&source=lnms&tbm=isch&safe=active HTTP/1.1" 200 None
Scraping from result, keyword : eco dream nguyễn xiển
_____________________
Googling done, Keyword: eco dream nguyễn xiển, Total: 100
_____________________
Parsing keyword 3 of total 50
https://www.google.com:443 "GET /search?q=bang%20chuyen%20doi%20duong%20huyet&source=lnms&tbm=isch&safe=active HTTP/1.1" 200 None
Scraping from result, keyword : bang chuyen doi duong huyet
_____________________
Googling done, Keyword: bang chuyen doi duong huyet, Total: 100
_____________________
Parsing keyword 4 of total 50
https://www.google.com:443 "GET /search?q=c%C3%A1ch%20l%C3%A0m%20b%C3%B2%20beefsteak&source=lnms&tbm=isch&safe=active HTTP/1.1" 200 None
Scraping from result, keyword : cách làm bò beefsteak
_____________________
Googling done, Keyword: cách làm bò beefsteak, Total: 100
_____________________
Parsing keyword 5 of total 50
https://www.google.com:443 "GET /search?q=t%C3%B4i%20l%C3%A0%20th%E1%BA%A7y%20t%C6%B0%E1%BB%9Bng%20s%E1%BB%91%20t%E1%BA%ADp%204&source=lnms&tbm=isch&safe=active HTTP/1.1" 200 None
Scraping from result, keyword : tôi là thầy tướng số tập 4
_____________________
Googling done, Keyword: tôi là thầy tướng số tập 4, Total: 100
_____________________
Parsing keyword 6 of total 50
https://www.google.com:443 "GET /search?q=g%C6%B0%C6%A1ng%20kia%20ng%E1%BB%B1%20%E1%BB%9F%20tr%C3%AAn%20t%C6%B0%E1%BB%9Dng%20trung%20thu%20ai%20s%E1%BA%BD&source=lnms&tbm=isch&safe=active HTTP/1.1" 200 None
Scraping from result, keyword : gương kia ngự ở trên tường trung thu ai sẽ
_____________________
Googling done, Keyword: gương kia ngự ở trên tường trung thu ai sẽ, Total: 100
_____________________
Parsing keyword 7 of total 50
https://www.google.com:443 "GET /search?q=ho%20khong%20lo&source=lnms&tbm=isch&safe=active HTTP/1.1" 200 None
Scraping from result, keyword : ho khong lo
_____________________
Googling done, Keyword: ho khong lo, Total: 100
_____________________
Parsing keyword 8 of total 50
https://www.google.com:443 "GET /search?q=cai%20dat%20android%20cho%20dien%20thoai&source=lnms&tbm=isch&safe=active HTTP/1.1" 200 None
Scraping from result, keyword : cai dat android cho dien thoai
_____________________
Googling done, Keyword: cai dat android cho dien thoai, Total: 100
_____________________
Parsing keyword 9 of total 50
https://www.google.com:443 "GET /search?q=bao%20khuong&source=lnms&tbm=isch&safe=active HTTP/1.1" 200 None
Scraping from result, keyword : bao khuong
_____________________
Googling done, Keyword: bao khuong, Total: 100
_____________________
Parsing keyword 10 of total 50
https://www.google.com:443 "GET /search?q=am%20muu%20va%20tinh%20yeu%2020/12&source=lnms&tbm=isch&safe=active HTTP/1.1" 200 None
Scraping from result, keyword : am muu va tinh yeu 20/12
_____________________
Googling done, Keyword: am muu va tinh yeu 20/12, Total: 100
_____________________
Parsing keyword 11 of total 50
https://www.google.com:443 "GET /search?q=xem%20th%C3%B4ng%20tin%20iphone%20qua%20imei&source=lnms&tbm=isch&safe=active HTTP/1.1" 200 None
Scraping from result, keyword : xem thông tin iphone qua imei
_____________________
Googling done, Keyword: xem thông tin iphone qua imei, Total: 100
_____________________
Parsing keyword 12 of total 50
https://www.google.com:443 "GET /search?q=%C4%91i%E1%BB%87n%20tho%E1%BA%A1i%20v20&source=lnms&tbm=isch&safe=active HTTP/1.1" 200 None
Scraping from result, keyword : điện thoại v20
_____________________
Googling done, Keyword: điện thoại v20, Total: 100
_____________________
Parsing keyword 13 of total 50
https://www.google.com:443 "GET /search?q=phim%20sex%20ngoi%20sao%20hong%20kong&source=lnms&tbm=isch&safe=active HTTP/1.1" 200 None
Scraping from result, keyword : phim sex ngoi sao hong kong
_____________________
Googling done, Keyword: phim sex ngoi sao hong kong, Total: 100
_____________________
Parsing keyword 14 of total 50
https://www.google.com:443 "GET /search?q=%C4%91i%E1%BB%87m&source=lnms&tbm=isch&safe=active HTTP/1.1" 200 None
Scraping from result, keyword : điệm
_____________________
Googling done, Keyword: điệm, Total: 100
_____________________
Parsing keyword 15 of total 50
https://www.google.com:443 "GET /search?q=ng%C6%B0%E1%BB%9Di%20y%C3%AAu%20ti%E1%BA%BFng%20anh%20l%C3%A0%20g%C3%AC&source=lnms&tbm=isch&safe=active HTTP/1.1" 200 None
Scraping from result, keyword : người yêu tiếng anh là gì
_____________________
Googling done, Keyword: người yêu tiếng anh là gì, Total: 100
_____________________
Parsing keyword 16 of total 50
https://www.google.com:443 "GET /search?q=aeon%20mall%20long%20bien&source=lnms&tbm=isch&safe=active HTTP/1.1" 200 None
Scraping from result, keyword : aeon mall long bien
_____________________
Googling done, Keyword: aeon mall long bien, Total: 100
_____________________
Parsing keyword 17 of total 50
https://www.google.com:443 "GET /search?q=gi%C3%A0y%20nam%20m%C5%A9i%20tr%C3%B2n&source=lnms&tbm=isch&safe=active HTTP/1.1" 200 None
Scraping from result, keyword : giày nam mũi tròn
_____________________
Googling done, Keyword: giày nam mũi tròn, Total: 100
_____________________
Parsing keyword 18 of total 50
https://www.google.com:443 "GET /search?q=hieu%20nguyen%20facebook&source=lnms&tbm=isch&safe=active HTTP/1.1" 200 None
Scraping from result, keyword : hieu nguyen facebook
_____________________
Googling done, Keyword: hieu nguyen facebook, Total: 100
_____________________
Parsing keyword 19 of total 50
https://www.google.com:443 "GET /search?q=bac%20si%20le%20hanh%20sua%20mui%20bao%20nhieu%20tien&source=lnms&tbm=isch&safe=active HTTP/1.1" 200 None
Scraping from result, keyword : bac si le hanh sua mui bao nhieu tien
_____________________
Googling done, Keyword: bac si le hanh sua mui bao nhieu tien, Total: 100
_____________________
Parsing keyword 20 of total 50
https://www.google.com:443 "GET /search?q=c%C3%A2u%20h%E1%BB%8Fi%20rung%20chu%C3%B4ng%20v%C3%A0ng%20m%C3%B4n%20v%E1%BA%ADt%20l%C3%BD&source=lnms&tbm=isch&safe=active HTTP/1.1" 200 None
Scraping from result, keyword : câu hỏi rung chuông vàng môn vật lý
_____________________
Googling done, Keyword: câu hỏi rung chuông vàng môn vật lý, Total: 100
_____________________
Parsing keyword 21 of total 50
https://www.google.com:443 "GET /search?q=li%C3%AAn%20kh%C3%BAc%20v%C5%A9%20duy%20kh%C3%A1nh&source=lnms&tbm=isch&safe=active HTTP/1.1" 200 None
Scraping from result, keyword : liên khúc vũ duy khánh
_____________________
Googling done, Keyword: liên khúc vũ duy khánh, Total: 100
_____________________
Parsing keyword 22 of total 50
https://www.google.com:443 "GET /search?q=suy%20ng%E1%BA%ABm%20tuoi%20gia&source=lnms&tbm=isch&safe=active HTTP/1.1" 200 None
Scraping from result, keyword : suy ngẫm tuoi gia
_____________________
Googling done, Keyword: suy ngẫm tuoi gia, Total: 100
_____________________
Parsing keyword 23 of total 50
https://www.google.com:443 "GET /search?q=boy%20khoa%20than%20100&source=lnms&tbm=isch&safe=active HTTP/1.1" 200 None
Scraping from result, keyword : boy khoa than 100
_____________________
Googling done, Keyword: boy khoa than 100, Total: 100
_____________________
Parsing keyword 24 of total 50
https://www.google.com:443 "GET /search?q=phong%20%C4%91i%E1%BB%87n%20b%E1%BA%A1c%20li%C3%AAu&source=lnms&tbm=isch&safe=active HTTP/1.1" 200 None
Scraping from result, keyword : phong điện bạc liêu
_____________________
Googling done, Keyword: phong điện bạc liêu, Total: 100
_____________________
Parsing keyword 25 of total 50
https://www.google.com:443 "GET /search?q=bong%20bong%20bang%20banh&source=lnms&tbm=isch&safe=active HTTP/1.1" 200 None
Scraping from result, keyword : bong bong bang banh
_____________________
Googling done, Keyword: bong bong bang banh, Total: 100
_____________________
Parsing keyword 26 of total 50
https://www.google.com:443 "GET /search?q=nana%20after%20school%202017&source=lnms&tbm=isch&safe=active HTTP/1.1" 200 None
Scraping from result, keyword : nana after school 2017
_____________________
Googling done, Keyword: nana after school 2017, Total: 100
_____________________
Parsing keyword 27 of total 50
https://www.google.com:443 "GET /search?q=%C4%91%E1%BB%81%20ngh%E1%BB%8B%20lu%E1%BA%ADn%20v%E1%BB%81%20m%E1%BB%99t%20hi%E1%BB%87n%20t%C6%B0%E1%BB%A3ng%20%C4%91%E1%BB%9Di%20s%E1%BB%91ng&source=lnms&tbm=isch&safe=active HTTP/1.1" 200 None
Scraping from result, keyword : đề nghị luận về một hiện tượng đời sống
_____________________
Googling done, Keyword: đề nghị luận về một hiện tượng đời sống, Total: 100
_____________________
Parsing keyword 28 of total 50
https://www.google.com:443 "GET /search?q=sim%20viettel%20tra%20truoc&source=lnms&tbm=isch&safe=active HTTP/1.1" 200 None
Scraping from result, keyword : sim viettel tra truoc
_____________________
Googling done, Keyword: sim viettel tra truoc, Total: 100
_____________________
Parsing keyword 29 of total 50
https://www.google.com:443 "GET /search?q=h%C3%ACnh%20x%C4%83m%20ch%E1%BB%AF%20ngh%E1%BB%87%20thu%E1%BA%ADt%20%C4%91%E1%BA%B9p&source=lnms&tbm=isch&safe=active HTTP/1.1" 200 None
Scraping from result, keyword : hình xăm chữ nghệ thuật đẹp
_____________________
Googling done, Keyword: hình xăm chữ nghệ thuật đẹp, Total: 100
_____________________
Parsing keyword 30 of total 50
https://www.google.com:443 "GET /search?q=%C4%91%E1%BB%93%20%C3%A1n%20m%E1%BA%A1ng%20m%C3%A1y%20t%C3%ADnh&source=lnms&tbm=isch&safe=active HTTP/1.1" 200 None
Scraping from result, keyword : đồ án mạng máy tính
_____________________
Googling done, Keyword: đồ án mạng máy tính, Total: 100
_____________________
Parsing keyword 31 of total 50
https://www.google.com:443 "GET /search?q=lam%20thich%20nguoi&source=lnms&tbm=isch&safe=active HTTP/1.1" 200 None
Scraping from result, keyword : lam thich nguoi
_____________________
Googling done, Keyword: lam thich nguoi, Total: 100
_____________________
Parsing keyword 32 of total 50
https://www.google.com:443 "GET /search?q=cach%20chua%20tri%20benh%20ho&source=lnms&tbm=isch&safe=active HTTP/1.1" 200 None
Scraping from result, keyword : cach chua tri benh ho
_____________________
Googling done, Keyword: cach chua tri benh ho, Total: 100
_____________________
Parsing keyword 33 of total 50
https://www.google.com:443 "GET /search?q=lo%E1%BA%A1n%20lu%C3%A2n%20m%E1%BA%B9%20k%E1%BA%BF%20con%20ch%E1%BB%93ng&source=lnms&tbm=isch&safe=active HTTP/1.1" 200 None
Scraping from result, keyword : loạn luân mẹ kế con chồng
_____________________
Googling done, Keyword: loạn luân mẹ kế con chồng, Total: 100
_____________________
Parsing keyword 34 of total 50
https://www.google.com:443 "GET /search?q=c%C3%A1ch%20t%E1%BA%A3i%20nh%E1%BA%A1c%20mi%E1%BB%85n%20ph%C3%AD%20tr%C3%AAn%20itunes&source=lnms&tbm=isch&safe=active HTTP/1.1" 200 None
Scraping from result, keyword : cách tải nhạc miễn phí trên itunes
_____________________
Googling done, Keyword: cách tải nhạc miễn phí trên itunes, Total: 100
_____________________
Parsing keyword 35 of total 50
https://www.google.com:443 "GET /search?q=b%E1%BB%87nh%20s%C3%B9i%20m%C3%A0o%20g%C3%A0%20%E1%BB%9F%20nam%20gi%E1%BB%9Bi&source=lnms&tbm=isch&safe=active HTTP/1.1" 200 None
Scraping from result, keyword : bệnh sùi mào gà ở nam giới
_____________________
Googling done, Keyword: bệnh sùi mào gà ở nam giới, Total: 100
_____________________
Parsing keyword 36 of total 50
https://www.google.com:443 "GET /search?q=wifi%20cu&source=lnms&tbm=isch&safe=active HTTP/1.1" 200 None
Scraping from result, keyword : wifi cu
_____________________
Googling done, Keyword: wifi cu, Total: 100
_____________________
Parsing keyword 37 of total 50
https://www.google.com:443 "GET /search?q=chu%20tich%20tinh%20thanh%20hoa&source=lnms&tbm=isch&safe=active HTTP/1.1" 200 None
Scraping from result, keyword : chu tich tinh thanh hoa
_____________________
Googling done, Keyword: chu tich tinh thanh hoa, Total: 100
_____________________
Parsing keyword 38 of total 50
https://www.google.com:443 "GET /search?q=civic%202015&source=lnms&tbm=isch&safe=active HTTP/1.1" 200 None
Scraping from result, keyword : civic 2015
_____________________
Googling done, Keyword: civic 2015, Total: 100
_____________________
Parsing keyword 39 of total 50
https://www.google.com:443 "GET /search?q=b%E1%BB%87nh%20vi%E1%BB%87n%20vinmec%20s%C3%A0i%20g%C3%B2n&source=lnms&tbm=isch&safe=active HTTP/1.1" 200 None
Scraping from result, keyword : bệnh viện vinmec sài gòn
_____________________
Googling done, Keyword: bệnh viện vinmec sài gòn, Total: 100
_____________________
Parsing keyword 40 of total 50
https://www.google.com:443 "GET /search?q=khoa%20hoc%20lop%206&source=lnms&tbm=isch&safe=active HTTP/1.1" 200 None
Scraping from result, keyword : khoa hoc lop 6
_____________________
Googling done, Keyword: khoa hoc lop 6, Total: 100
_____________________
Parsing keyword 41 of total 50
https://www.google.com:443 "GET /search?q=ph%C3%B2ng%20kh%C3%A1m%20b%C3%A0%20h%E1%BA%A1t&source=lnms&tbm=isch&safe=active HTTP/1.1" 200 None
Scraping from result, keyword : phòng khám bà hạt
_____________________
Googling done, Keyword: phòng khám bà hạt, Total: 100
_____________________
Parsing keyword 42 of total 50
https://www.google.com:443 "GET /search?q=nhung%20buc%20tranh%20ve%20ve%20que%20huong%20em&source=lnms&tbm=isch&safe=active HTTP/1.1" 200 None
Scraping from result, keyword : nhung buc tranh ve ve que huong em
_____________________
Googling done, Keyword: nhung buc tranh ve ve que huong em, Total: 100
_____________________
Parsing keyword 43 of total 50
https://www.google.com:443 "GET /search?q=ma%20the%20zing&source=lnms&tbm=isch&safe=active HTTP/1.1" 200 None
Scraping from result, keyword : ma the zing
_____________________
Googling done, Keyword: ma the zing, Total: 100
_____________________
Parsing keyword 44 of total 50
https://www.google.com:443 "GET /search?q=%C4%91%E1%BB%87m%20h%C3%A0n&source=lnms&tbm=isch&safe=active HTTP/1.1" 200 None
Scraping from result, keyword : đệm hàn
_____________________
Googling done, Keyword: đệm hàn, Total: 100
_____________________
Parsing keyword 45 of total 50
https://www.google.com:443 "GET /search?q=v%E1%BB%87%20sinh%20card%20m%C3%A0n%20h%C3%ACnh&source=lnms&tbm=isch&safe=active HTTP/1.1" 200 None
Scraping from result, keyword : vệ sinh card màn hình
_____________________
Googling done, Keyword: vệ sinh card màn hình, Total: 100
_____________________
Parsing keyword 46 of total 50
https://www.google.com:443 "GET /search?q=u%E1%BB%91ng%20m%E1%BA%ADt%20ong%20c%C3%B3%20gi%E1%BA%A3m%20c%C3%A2n%20kh%C3%B4ng&source=lnms&tbm=isch&safe=active HTTP/1.1" 200 None
Scraping from result, keyword : uống mật ong có giảm cân không
_____________________
Googling done, Keyword: uống mật ong có giảm cân không, Total: 100
_____________________
Parsing keyword 47 of total 50
https://www.google.com:443 "GET /search?q=xs%20vn24h&source=lnms&tbm=isch&safe=active HTTP/1.1" 200 None
Scraping from result, keyword : xs vn24h
_____________________
Googling done, Keyword: xs vn24h, Total: 100
_____________________
Parsing keyword 48 of total 50
https://www.google.com:443 "GET /search?q=m%C3%A1y%20c%E1%BA%AFt%20da%20b%C3%B2&source=lnms&tbm=isch&safe=active HTTP/1.1" 200 None
Scraping from result, keyword : máy cắt da bò
_____________________
Googling done, Keyword: máy cắt da bò, Total: 100
_____________________
Parsing keyword 49 of total 50
https://www.google.com:443 "GET /search?q=dien%20thoai%20samsung%20j2%20prime&source=lnms&tbm=isch&safe=active HTTP/1.1" 200 None
Scraping from result, keyword : dien thoai samsung j2 prime
_____________________
Googling done, Keyword: dien thoai samsung j2 prime, Total: 100
_____________________
Parsing keyword 50 of total 50
[DEBUG] Saved cách tính diện tích đất trong sổ đỏ.json
[DEBUG] Saved mứt gừng khô.json
[DEBUG] Saved eco dream nguyễn xiển.json
[DEBUG] Saved bang chuyen doi duong huyet.json
[DEBUG] Saved cách làm bò beefsteak.json
[DEBUG] Saved tôi là thầy tướng số tập 4.json
[DEBUG] Saved gương kia ngự ở trên tường trung thu ai sẽ.json
[DEBUG] Saved ho khong lo.json
[DEBUG] Saved cai dat android cho dien thoai.json
[DEBUG] Saved bao khuong.json
OSERROR : 
[DEBUG] Saved xem thông tin iphone qua imei.json
[DEBUG] Saved điện thoại v20.json
[DEBUG] Saved phim sex ngoi sao hong kong.json
[DEBUG] Saved điệm.json
[DEBUG] Saved người yêu tiếng anh là gì.json
[DEBUG] Saved aeon mall long bien.json
[DEBUG] Saved giày nam mũi tròn.json
[DEBUG] Saved hieu nguyen facebook.json
[DEBUG] Saved bac si le hanh sua mui bao nhieu tien.json
[DEBUG] Saved câu hỏi rung chuông vàng môn vật lý.json
[DEBUG] Saved liên khúc vũ duy khánh.json
[DEBUG] Saved suy ngẫm tuoi gia.json
[DEBUG] Saved boy khoa than 100.json
[DEBUG] Saved phong điện bạc liêu.json
[DEBUG] Saved bong bong bang banh.json
[DEBUG] Saved nana after school 2017.json
[DEBUG] Saved đề nghị luận về một hiện tượng đời sống.json
[DEBUG] Saved sim viettel tra truoc.json
[DEBUG] Saved hình xăm chữ nghệ thuật đẹp.json
[DEBUG] Saved đồ án mạng máy tính.json
[DEBUG] Saved lam thich nguoi.json
[DEBUG] Saved cach chua tri benh ho.json
[DEBUG] Saved loạn luân mẹ kế con chồng.json
[DEBUG] Saved cách tải nhạc miễn phí trên itunes.json
[DEBUG] Saved bệnh sùi mào gà ở nam giới.json
[DEBUG] Saved wifi cu.json
[DEBUG] Saved chu tich tinh thanh hoa.json
[DEBUG] Saved civic 2015.json
[DEBUG] Saved bệnh viện vinmec sài gòn.json
[DEBUG] Saved khoa hoc lop 6.json
[DEBUG] Saved phòng khám bà hạt.json
[DEBUG] Saved nhung buc tranh ve ve que huong em.json
[DEBUG] Saved ma the zing.json
[DEBUG] Saved đệm hàn.json
[DEBUG] Saved vệ sinh card màn hình.json
[DEBUG] Saved uống mật ong có giảm cân không.json
[DEBUG] Saved xs vn24h.json
[DEBUG] Saved máy cắt da bò.json
[DEBUG] Saved dien thoai samsung j2 prime.json
------------|||||SOCKS PORT : 9009
Resetting dropped connection: www.google.com
https://www.google.com:443 "GET /search?q=c%C3%B4ng%20v%C4%83n%20b%E1%BB%99%20gi%C3%A1o%20d%E1%BB%A5c&source=lnms&tbm=isch&safe=active HTTP/1.1" 200 None
Scraping from result, keyword : công văn bộ giáo dục
_____________________
Googling done, Keyword: công văn bộ giáo dục, Total: 100
_____________________
Parsing keyword 1 of total 50
https://www.google.com:443 "GET /search?q=hi%E1%BB%87n%20t%C6%B0%E1%BB%A3ng%20m%C3%A8o%20nh%E1%BA%A3y%20qua%20x%C3%A1c%20ch%E1%BA%BFt&source=lnms&tbm=isch&safe=active HTTP/1.1" 200 None
Scraping from result, keyword : hiện tượng mèo nhảy qua xác chết
_____________________
Googling done, Keyword: hiện tượng mèo nhảy qua xác chết, Total: 100
_____________________
Parsing keyword 2 of total 50
https://www.google.com:443 "GET /search?q=xem%20phim%20chuong%20le&source=lnms&tbm=isch&safe=active HTTP/1.1" 200 None
Scraping from result, keyword : xem phim chuong le
_____________________
Googling done, Keyword: xem phim chuong le, Total: 100
_____________________
Parsing keyword 3 of total 50
https://www.google.com:443 "GET /search?q=bkhn&source=lnms&tbm=isch&safe=active HTTP/1.1" 200 None
Scraping from result, keyword : bkhn
_____________________
Googling done, Keyword: bkhn, Total: 100
_____________________
Parsing keyword 4 of total 50
https://www.google.com:443 "GET /search?q=c%C3%A1ch%20tr%E1%BB%93ng%20t%E1%BB%8Fi%20c%C3%B4%20%C4%91%C6%A1n&source=lnms&tbm=isch&safe=active HTTP/1.1" 200 None
Scraping from result, keyword : cách trồng tỏi cô đơn
_____________________
Googling done, Keyword: cách trồng tỏi cô đơn, Total: 100
_____________________
Parsing keyword 5 of total 50
https://www.google.com:443 "GET /search?q=b%E1%BB%87nh%20vi%C3%AAm%20gan%20c%C3%B3%20l%C3%A2y%20kh%C3%B4ng&source=lnms&tbm=isch&safe=active HTTP/1.1" 200 None
Scraping from result, keyword : bệnh viêm gan có lây không
_____________________
Googling done, Keyword: bệnh viêm gan có lây không, Total: 100
_____________________
Parsing keyword 6 of total 50
https://www.google.com:443 "GET /search?q=t%C3%AAn%20%C4%91%E1%BA%B9p%20cho%20con&source=lnms&tbm=isch&safe=active HTTP/1.1" 200 None
Scraping from result, keyword : tên đẹp cho con
_____________________
Googling done, Keyword: tên đẹp cho con, Total: 100
_____________________
Parsing keyword 7 of total 50
https://www.google.com:443 "GET /search?q=b%C3%A0%20b%E1%BA%A7u%20%C4%83n%20v%E1%BA%A3i%20%C4%91%C6%B0%E1%BB%A3c%20kh%C3%B4ng&source=lnms&tbm=isch&safe=active HTTP/1.1" 200 None
Scraping from result, keyword : bà bầu ăn vải được không
_____________________
Googling done, Keyword: bà bầu ăn vải được không, Total: 100
_____________________
Parsing keyword 8 of total 50
https://www.google.com:443 "GET /search?q=b%E1%BA%ABy%20c%C3%B2%20tr%E1%BA%AFng&source=lnms&tbm=isch&safe=active HTTP/1.1" 200 None
Scraping from result, keyword : bẫy cò trắng
_____________________
Googling done, Keyword: bẫy cò trắng, Total: 100
_____________________
Parsing keyword 9 of total 50
https://www.google.com:443 "GET /search?q=barneys%20hostel%20da%20nang&source=lnms&tbm=isch&safe=active HTTP/1.1" 200 None
Scraping from result, keyword : barneys hostel da nang
_____________________
Googling done, Keyword: barneys hostel da nang, Total: 100
_____________________
Parsing keyword 10 of total 50
https://www.google.com:443 "GET /search?q=glimmer%20of%20hope&source=lnms&tbm=isch&safe=active HTTP/1.1" 200 None
Scraping from result, keyword : glimmer of hope
_____________________
Googling done, Keyword: glimmer of hope, Total: 100
_____________________
Parsing keyword 11 of total 50
https://www.google.com:443 "GET /search?q=xin%20que%20quan%20am&source=lnms&tbm=isch&safe=active HTTP/1.1" 200 None
Scraping from result, keyword : xin que quan am
_____________________
Googling done, Keyword: xin que quan am, Total: 100
_____________________
Parsing keyword 12 of total 50
https://www.google.com:443 "GET /search?q=du%20bao%20thoi%20tiet%20bien%2010ngay%20toi&source=lnms&tbm=isch&safe=active HTTP/1.1" 200 None
Scraping from result, keyword : du bao thoi tiet bien 10ngay toi
_____________________
Googling done, Keyword: du bao thoi tiet bien 10ngay toi, Total: 100
_____________________
Parsing keyword 13 of total 50
https://www.google.com:443 "GET /search?q=n%E1%BB%91t%20ru%E1%BB%93i%20%E1%BB%9F%20th%C3%A1i%20d%C6%B0%C6%A1ng%20b%C3%AAn%20ph%E1%BA%A3i&source=lnms&tbm=isch&safe=active HTTP/1.1" 200 None
Scraping from result, keyword : nốt ruồi ở thái dương bên phải
_____________________
Googling done, Keyword: nốt ruồi ở thái dương bên phải, Total: 100
_____________________
Parsing keyword 14 of total 50
https://www.google.com:443 "GET /search?q=phim%20vn%20nha%20co%205%20nang%20tien%20tap%201&source=lnms&tbm=isch&safe=active HTTP/1.1" 200 None
Scraping from result, keyword : phim vn nha co 5 nang tien tap 1
_____________________
Googling done, Keyword: phim vn nha co 5 nang tien tap 1, Total: 100
_____________________
Parsing keyword 15 of total 50
https://www.google.com:443 "GET /search?q=ph%C3%BAc%20l%E1%BB%99c%20th%E1%BB%8D%20khang%20ninh&source=lnms&tbm=isch&safe=active HTTP/1.1" 200 None
Scraping from result, keyword : phúc lộc thọ khang ninh
_____________________
Googling done, Keyword: phúc lộc thọ khang ninh, Total: 100
_____________________
Parsing keyword 16 of total 50
https://www.google.com:443 "GET /search?q=l%C3%BD%20do%20t%C3%B3c%20r%E1%BB%A5ng&source=lnms&tbm=isch&safe=active HTTP/1.1" 200 None
Scraping from result, keyword : lý do tóc rụng
_____________________
Googling done, Keyword: lý do tóc rụng, Total: 100
_____________________
Parsing keyword 17 of total 50
https://www.google.com:443 "GET /search?q=d%E1%BA%A5u%20h%E1%BB%8Fi%20%C4%91%E1%BB%99ng&source=lnms&tbm=isch&safe=active HTTP/1.1" 200 None
Scraping from result, keyword : dấu hỏi động
_____________________
Googling done, Keyword: dấu hỏi động, Total: 100
_____________________
Parsing keyword 18 of total 50
https://www.google.com:443 "GET /search?q=ph%E1%BA%A7n%20m%E1%BB%81m%20h%E1%BB%97%20tr%E1%BB%A3%20xem%20video%20tr%E1%BB%B1c%20tuy%E1%BA%BFn&source=lnms&tbm=isch&safe=active HTTP/1.1" 200 None
Scraping from result, keyword : phần mềm hỗ trợ xem video trực tuyến
_____________________
Googling done, Keyword: phần mềm hỗ trợ xem video trực tuyến, Total: 100
_____________________
Parsing keyword 19 of total 50
https://www.google.com:443 "GET /search?q=tranh%20tho%20tinh%20yeu%20buon&source=lnms&tbm=isch&safe=active HTTP/1.1" 200 None
Scraping from result, keyword : tranh tho tinh yeu buon
_____________________
Googling done, Keyword: tranh tho tinh yeu buon, Total: 100
_____________________
Parsing keyword 20 of total 50
https://www.google.com:443 "GET /search?q=c%C3%A1ch%20hack%20ti%E1%BB%81n%20trong%20game%20clash%20of%20clans&source=lnms&tbm=isch&safe=active HTTP/1.1" 200 None
